<?xml version="1.0" encoding="UTF-8"?>
<testng-results ignored="0" total="6" passed="5" failed="1" skipped="0">
  <reporter-output>
  </reporter-output>
  <suite started-at="2024-08-18T00:44:17 IST" name="All Test Suite" finished-at="2024-08-18T00:44:37 IST" duration-ms="20064">
    <groups>
    </groups>
    <test started-at="2024-08-18T00:44:17 IST" name="C:/Users/ABHISHEK/IdeaProjects/SimpleMavenProject" finished-at="2024-08-18T00:44:37 IST" duration-ms="20064">
      <class name="DependOnMethod">
        <test-method signature="verifyCreateNewUser()[pri:0, instance:DependOnMethod@77167fb7]" started-at="2024-08-18T00:44:37 IST" name="verifyCreateNewUser" finished-at="2024-08-18T00:44:37 IST" duration-ms="2" status="PASS">
          <reporter-output>
          </reporter-output>
        </test-method> <!-- verifyCreateNewUser -->
        <test-method signature="verifyFundTransfer()[pri:0, instance:DependOnMethod@77167fb7]" started-at="2024-08-18T00:44:37 IST" name="verifyFundTransfer" finished-at="2024-08-18T00:44:37 IST" duration-ms="0" status="PASS">
          <reporter-output>
          </reporter-output>
        </test-method> <!-- verifyFundTransfer -->
        <test-method signature="verifyLogin()[pri:0, instance:DependOnMethod@77167fb7]" started-at="2024-08-18T00:44:37 IST" name="verifyLogin" finished-at="2024-08-18T00:44:37 IST" duration-ms="9" status="FAIL">
          <exception class="java.lang.AssertionError">
            <message>
              <![CDATA[expected [true] but found [false]]]>
            </message>
            <full-stacktrace>
              <![CDATA[java.lang.AssertionError: expected [true] but found [false]
at org.testng.Assert.fail(Assert.java:111)
at org.testng.Assert.failNotEquals(Assert.java:1578)
at org.testng.Assert.assertTrue(Assert.java:57)
at org.testng.Assert.assertTrue(Assert.java:67)
at DependOnMethod.verifyLogin(DependOnMethod.java:7)
at java.base/jdk.internal.reflect.NativeMethodAccessorImpl.invoke0(Native Method)
at java.base/jdk.internal.reflect.NativeMethodAccessorImpl.invoke(NativeMethodAccessorImpl.java:77)
at java.base/jdk.internal.reflect.DelegatingMethodAccessorImpl.invoke(DelegatingMethodAccessorImpl.java:43)
at java.base/java.lang.reflect.Method.invoke(Method.java:568)
at org.testng.internal.invokers.MethodInvocationHelper.invokeMethod(MethodInvocationHelper.java:141)
at org.testng.internal.invokers.TestInvoker.invokeMethod(TestInvoker.java:686)
at org.testng.internal.invokers.TestInvoker.invokeTestMethod(TestInvoker.java:230)
at org.testng.internal.invokers.MethodRunner.runInSequence(MethodRunner.java:63)
at org.testng.internal.invokers.TestInvoker$MethodInvocationAgent.invoke(TestInvoker.java:992)
at org.testng.internal.invokers.TestInvoker.invokeTestMethods(TestInvoker.java:203)
at org.testng.internal.invokers.TestMethodWorker.invokeTestMethods(TestMethodWorker.java:154)
at org.testng.internal.invokers.TestMethodWorker.run(TestMethodWorker.java:134)
at java.base/java.util.ArrayList.forEach(ArrayList.java:1511)
at org.testng.TestRunner.privateRun(TestRunner.java:739)
at org.testng.TestRunner.run(TestRunner.java:614)
at org.testng.SuiteRunner.runTest(SuiteRunner.java:421)
at org.testng.SuiteRunner.runSequentially(SuiteRunner.java:413)
at org.testng.SuiteRunner.privateRun(SuiteRunner.java:373)
at org.testng.SuiteRunner.run(SuiteRunner.java:312)
at org.testng.SuiteRunnerWorker.runSuite(SuiteRunnerWorker.java:52)
at org.testng.SuiteRunnerWorker.run(SuiteRunnerWorker.java:95)
at org.testng.TestNG.runSuitesSequentially(TestNG.java:1274)
at org.testng.TestNG.runSuitesLocally(TestNG.java:1208)
at org.testng.TestNG.runSuites(TestNG.java:1112)
at org.testng.TestNG.run(TestNG.java:1079)
at com.intellij.rt.testng.IDEARemoteTestNG.run(IDEARemoteTestNG.java:65)
at com.intellij.rt.testng.RemoteTestNGStarter.main(RemoteTestNGStarter.java:105)
]]>
            </full-stacktrace>
          </exception> <!-- java.lang.AssertionError -->
          <reporter-output>
          </reporter-output>
        </test-method> <!-- verifyLogin -->
      </class> <!-- DependOnMethod -->
      <class name="HardAssertExample">
        <test-method signature="VerifyLoginUser()[pri:0, instance:HardAssertExample@15b204a1]" started-at="2024-08-18T00:44:34 IST" name="VerifyLoginUser" finished-at="2024-08-18T00:44:37 IST" duration-ms="3302" status="PASS">
          <reporter-output>
          </reporter-output>
        </test-method> <!-- VerifyLoginUser -->
      </class> <!-- HardAssertExample -->
      <class name="BasicOfTestng">
        <test-method is-config="true" signature="Test1()[pri:0, instance:BasicOfTestng@1df82230]" started-at="2024-08-18T00:44:17 IST" name="Test1" finished-at="2024-08-18T00:44:18 IST" duration-ms="1337" status="PASS">
          <reporter-output>
          </reporter-output>
        </test-method> <!-- Test1 -->
        <test-method signature="Example2()[pri:0, instance:BasicOfTestng@1df82230]" started-at="2024-08-18T00:44:18 IST" name="Example2" finished-at="2024-08-18T00:44:28 IST" duration-ms="9345" status="PASS">
          <reporter-output>
          </reporter-output>
        </test-method> <!-- Example2 -->
        <test-method is-config="true" signature="aftermathod()[pri:0, instance:BasicOfTestng@1df82230]" started-at="2024-08-18T00:44:28 IST" name="aftermathod" finished-at="2024-08-18T00:44:28 IST" duration-ms="155" status="PASS">
          <reporter-output>
          </reporter-output>
        </test-method> <!-- aftermathod -->
        <test-method is-config="true" signature="Test1()[pri:0, instance:BasicOfTestng@1df82230]" started-at="2024-08-18T00:44:28 IST" name="Test1" finished-at="2024-08-18T00:44:29 IST" duration-ms="747" status="PASS">
          <reporter-output>
          </reporter-output>
        </test-method> <!-- Test1 -->
        <test-method signature="TestExample2()[pri:0, instance:BasicOfTestng@1df82230]" started-at="2024-08-18T00:44:29 IST" name="TestExample2" finished-at="2024-08-18T00:44:34 IST" duration-ms="4931" status="PASS">
          <reporter-output>
          </reporter-output>
        </test-method> <!-- TestExample2 -->
        <test-method is-config="true" signature="aftermathod()[pri:0, instance:BasicOfTestng@1df82230]" started-at="2024-08-18T00:44:34 IST" name="aftermathod" finished-at="2024-08-18T00:44:34 IST" duration-ms="157" status="PASS">
          <reporter-output>
          </reporter-output>
        </test-method> <!-- aftermathod -->
      </class> <!-- BasicOfTestng -->
    </test> <!-- C:/Users/ABHISHEK/IdeaProjects/SimpleMavenProject -->
  </suite> <!-- All Test Suite -->
</testng-results>
